<?xml version="1.0" encoding="UTF-8"?>
<testsuite xmlns:xsi="http://www.w3.org/2001/XMLSchema-instance" xsi:noNamespaceSchemaLocation="https://maven.apache.org/surefire/maven-surefire-plugin/xsd/surefire-test-report-3.0.xsd" version="3.0" name="TestSuite" time="26.977" tests="3" errors="0" skipped="0" failures="0">
  <properties>
[...]
</properties>
  <testcase name="runScenario[&quot;Search Car and Validate result&quot;, &quot;Optional[Insurance Company]&quot;](1)" classname="com.mindtree.runner.TestRunner" time="10.075">
    <system-out><![CDATA[[main] DEBUG Hooks.class  - Opening driver
[main] INFO  Hooks.class  - Driver opened
[main] DEBUG Hooks.class  - Opening URL
[main] INFO  Test1  - Website opened and FAQ closed
[main] DEBUG Homepage.java  - Search icon clicked
[main] DEBUG Homepage.java  - Entered item car in search box
[main] DEBUG Homepage.java  - Search button clicked
[main] DEBUG Searchcarpage.java  - Product name :
 Liability Only - Two Wheeler & Private Car
[main] INFO  Hooks.class  - Driver closed
]]></system-out>
    <system-err><![CDATA[Starting ChromeDriver 96.0.4664.45 (76e4c1bb2ab4671b8beba3444e61c0f17584b2fc-refs/branch-heads/4664@{#947}) on port 30564
Only local connections are allowed.
Please see https://chromedriver.chromium.org/security-considerations for suggestions on keeping ChromeDriver safe.
ChromeDriver was started successfully.
Jan 03, 2022 5:57:48 AM org.openqa.selenium.remote.ProtocolHandshake createSession
INFO: Detected dialect: W3C
]]></system-err>
  </testcase>
  <testcase name="runScenario[&quot;Click on Caseless Garage and Validate result&quot;, &quot;Optional[Insurance Company]&quot;](2)" classname="com.mindtree.runner.TestRunner" time="7.604">
    <system-out><![CDATA[[main] DEBUG Hooks.class  - Opening driver
[main] INFO  Hooks.class  - Driver opened
[main] DEBUG Hooks.class  - Opening URL
[main] INFO  Test1  - Website opened and FAQ closed
[main] DEBUG Servicesection.java  - caseless Garage clicked
[main] DEBUG Servicesection.java  - Garage Details found in header
[main] INFO  Hooks.class  - Driver closed
]]></system-out>
    <system-err><![CDATA[Starting ChromeDriver 96.0.4664.45 (76e4c1bb2ab4671b8beba3444e61c0f17584b2fc-refs/branch-heads/4664@{#947}) on port 25637
Only local connections are allowed.
Please see https://chromedriver.chromium.org/security-considerations for suggestions on keeping ChromeDriver safe.
ChromeDriver was started successfully.
Jan 03, 2022 5:57:57 AM org.openqa.selenium.remote.ProtocolHandshake createSession
INFO: Detected dialect: W3C
]]></system-err>
  </testcase>
  <testcase name="runScenario[&quot;Click on Corporate Mission and Validate result&quot;, &quot;Optional[Insurance Company]&quot;](3)" classname="com.mindtree.runner.TestRunner" time="7.283">
    <system-out><![CDATA[[main] DEBUG Hooks.class  - Opening driver
[main] INFO  Hooks.class  - Driver opened
[main] DEBUG Hooks.class  - Opening URL
[main] INFO  Test1  - Website opened and FAQ closed
[main] DEBUG corporatemission.java  - Mouse Hover to About Us
[main] DEBUG corporatemission.java  - Corporate Mission clicked
[main] DEBUG corporatemission.java  - Corporate Mission
[main] INFO  Hooks.class  - Driver closed
]]></system-out>
    <system-err><![CDATA[Starting ChromeDriver 96.0.4664.45 (76e4c1bb2ab4671b8beba3444e61c0f17584b2fc-refs/branch-heads/4664@{#947}) on port 1550
Only local connections are allowed.
Please see https://chromedriver.chromium.org/security-considerations for suggestions on keeping ChromeDriver safe.
ChromeDriver was started successfully.
Jan 03, 2022 5:58:04 AM org.openqa.selenium.remote.ProtocolHandshake createSession
INFO: Detected dialect: W3C
]]></system-err>
  </testcase>
</testsuite>